[    0.000000] Initializing cgroup subsys cpuset
[    0.000000] Initializing cgroup subsys cpu
[    0.000000] Initializing cgroup subsys cpuacct
[    0.000000] Linux version 4.4.0-66-generic (buildd@lgw01-28) (gcc version 5.4.0 20160609 (Ubuntu 5.4.0-6ubuntu1~16.04.4) ) #87-Ubuntu SMP Fri Mar 3 15:29:05 UTC 2017 (Ubuntu 4.4.0-66.87-generic 4.4.44)
[    0.000000] Command line: BOOT_IMAGE=/boot/vmlinuz-4.4.0-66-generic root=LABEL=cloudimg-rootfs ro console=tty1 console=ttyS0
[    0.000000] KERNEL supported cpus:
[    0.000000]   Intel GenuineIntel
[    0.000000]   AMD AuthenticAMD
[    0.000000]   Centaur CentaurHauls
[    0.000000] x86/fpu: xstate_offset[2]:  576, xstate_sizes[2]:  256
[    0.000000] x86/fpu: Supporting XSAVE feature 0x01: 'x87 floating point registers'
[    0.000000] x86/fpu: Supporting XSAVE feature 0x02: 'SSE registers'
[    0.000000] x86/fpu: Supporting XSAVE feature 0x04: 'AVX registers'
[    0.000000] x86/fpu: Enabled xstate features 0x7, context size is 832 bytes, using 'standard' format.
[    0.000000] x86/fpu: Using 'lazy' FPU context switches.
[    0.000000] e820: BIOS-provided physical RAM map:
[    0.000000] BIOS-e820: [mem 0x0000000000000000-0x000000000009fbff] usable
[    0.000000] BIOS-e820: [mem 0x000000000009fc00-0x000000000009ffff] reserved
[    0.000000] BIOS-e820: [mem 0x00000000000f0000-0x00000000000fffff] reserved
[    0.000000] BIOS-e820: [mem 0x0000000000100000-0x000000003ffeffff] usable
[    0.000000] BIOS-e820: [mem 0x000000003fff0000-0x000000003fffffff] ACPI data
[    0.000000] BIOS-e820: [mem 0x00000000fec00000-0x00000000fec00fff] reserved
[    0.000000] BIOS-e820: [mem 0x00000000fee00000-0x00000000fee00fff] reserved
[    0.000000] BIOS-e820: [mem 0x00000000fffc0000-0x00000000ffffffff] reserved
[    0.000000] NX (Execute Disable) protection: active
[    0.000000] SMBIOS 2.5 present.
[    0.000000] Hypervisor detected: KVM
[    0.000000] e820: last_pfn = 0x3fff0 max_arch_pfn = 0x400000000
[    0.000000] MTRR: Disabled
[    0.000000] x86/PAT: MTRRs disabled, skipping PAT initialization too.
[    0.000000] x86/PAT: Configuration [0-7]: WB  WT  UC- UC  WB  WT  UC- UC  
[    0.000000] CPU MTRRs all blank - virtualized system.
[    0.000000] found SMP MP-table at [mem 0x0009fff0-0x0009ffff] mapped at [ffff88000009fff0]
[    0.000000] Scanning 1 areas for low memory corruption
[    0.000000] RAMDISK: [mem 0x36ae8000-0x3756bfff]
[    0.000000] ACPI: Early table checksum verification disabled
[    0.000000] ACPI: RSDP 0x00000000000E0000 000024 (v02 VBOX  )
[    0.000000] ACPI: XSDT 0x000000003FFF0030 00003C (v01 VBOX   VBOXXSDT 00000001 ASL  00000061)
[    0.000000] ACPI: FACP 0x000000003FFF00F0 0000F4 (v04 VBOX   VBOXFACP 00000001 ASL  00000061)
[    0.000000] ACPI: DSDT 0x000000003FFF0470 00210F (v01 VBOX   VBOXBIOS 00000002 INTL 20100528)
[    0.000000] ACPI: FACS 0x000000003FFF0200 000040
[    0.000000] ACPI: FACS 0x000000003FFF0200 000040
[    0.000000] ACPI: APIC 0x000000003FFF0240 00005C (v02 VBOX   VBOXAPIC 00000001 ASL  00000061)
[    0.000000] ACPI: SSDT 0x000000003FFF02A0 0001CC (v01 VBOX   VBOXCPUT 00000002 INTL 20100528)
[    0.000000] No NUMA configuration found
[    0.000000] Faking a node at [mem 0x0000000000000000-0x000000003ffeffff]
[    0.000000] NODE_DATA(0) allocated [mem 0x3ffeb000-0x3ffeffff]
[    0.000000] kvm-clock: Using msrs 4b564d01 and 4b564d00
[    0.000000] kvm-clock: cpu 0, msr 0:3ffe3001, primary cpu clock
[    0.000000] kvm-clock: using sched offset of 2966455844 cycles
[    0.000000] clocksource: kvm-clock: mask: 0xffffffffffffffff max_cycles: 0x1cd42e4dffb, max_idle_ns: 881590591483 ns
[    0.000000] Zone ranges:
[    0.000000]   DMA      [mem 0x0000000000001000-0x0000000000ffffff]
[    0.000000]   DMA32    [mem 0x0000000001000000-0x000000003ffeffff]
[    0.000000]   Normal   empty
[    0.000000]   Device   empty
[    0.000000] Movable zone start for each node
[    0.000000] Early memory node ranges
[    0.000000]   node   0: [mem 0x0000000000001000-0x000000000009efff]
[    0.000000]   node   0: [mem 0x0000000000100000-0x000000003ffeffff]
[    0.000000] Initmem setup node 0 [mem 0x0000000000001000-0x000000003ffeffff]
[    0.000000] ACPI: PM-Timer IO Port: 0x4008
[    0.000000] IOAPIC[0]: apic_id 2, version 32, address 0xfec00000, GSI 0-23
[    0.000000] ACPI: INT_SRC_OVR (bus 0 bus_irq 0 global_irq 2 dfl dfl)
[    0.000000] ACPI: INT_SRC_OVR (bus 0 bus_irq 9 global_irq 9 high level)
[    0.000000] Using ACPI (MADT) for SMP configuration information
[    0.000000] smpboot: Allowing 2 CPUs, 0 hotplug CPUs
[    0.000000] PM: Registered nosave memory: [mem 0x00000000-0x00000fff]
[    0.000000] PM: Registered nosave memory: [mem 0x0009f000-0x0009ffff]
[    0.000000] PM: Registered nosave memory: [mem 0x000a0000-0x000effff]
[    0.000000] PM: Registered nosave memory: [mem 0x000f0000-0x000fffff]
[    0.000000] e820: [mem 0x40000000-0xfebfffff] available for PCI devices
[    0.000000] Booting paravirtualized kernel on KVM
[    0.000000] clocksource: refined-jiffies: mask: 0xffffffff max_cycles: 0xffffffff, max_idle_ns: 7645519600211568 ns
[    0.000000] setup_percpu: NR_CPUS:512 nr_cpumask_bits:512 nr_cpu_ids:2 nr_node_ids:1
[    0.000000] PERCPU: Embedded 33 pages/cpu @ffff88003fc00000 s98264 r8192 d28712 u1048576
[    0.000000] PV qspinlock hash table entries: 256 (order: 0, 4096 bytes)
[    0.000000] Built 1 zonelists in Node order, mobility grouping on.  Total pages: 257913
[    0.000000] Policy zone: DMA32
[    0.000000] Kernel command line: BOOT_IMAGE=/boot/vmlinuz-4.4.0-66-generic root=LABEL=cloudimg-rootfs ro console=tty1 console=ttyS0
[    0.000000] PID hash table entries: 4096 (order: 3, 32768 bytes)
[    0.000000] Memory: 1001808K/1048120K available (8452K kernel code, 1293K rwdata, 3980K rodata, 1488K init, 1316K bss, 46312K reserved, 0K cma-reserved)
[    0.000000] SLUB: HWalign=64, Order=0-3, MinObjects=0, CPUs=2, Nodes=1
[    0.000000] Hierarchical RCU implementation.
[    0.000000] 	Build-time adjustment of leaf fanout to 64.
[    0.000000] 	RCU restricting CPUs from NR_CPUS=512 to nr_cpu_ids=2.
[    0.000000] RCU: Adjusting geometry for rcu_fanout_leaf=64, nr_cpu_ids=2
[    0.000000] NR_IRQS:33024 nr_irqs:440 16
[    0.000000] Console: colour VGA+ 80x25
[    0.000000] console [tty1] enabled
[    0.000000] console [ttyS0] enabled
[    0.000000] tsc: Detected 3500.030 MHz processor
[    5.698665] Calibrating delay loop (skipped) preset value.. 7000.06 BogoMIPS (lpj=14000120)
[    5.700103] pid_max: default: 32768 minimum: 301
[    5.700845] ACPI: Core revision 20150930
[    5.702311] ACPI: 2 ACPI AML tables successfully acquired and loaded
[    5.703454] Security Framework initialized
[    5.704138] Yama: becoming mindful.
[    5.704789] AppArmor: AppArmor initialized
[    5.705532] Dentry cache hash table entries: 131072 (order: 8, 1048576 bytes)
[    5.707850] Inode-cache hash table entries: 65536 (order: 7, 524288 bytes)
[    5.723584] Mount-cache hash table entries: 2048 (order: 2, 16384 bytes)
[    5.724581] Mountpoint-cache hash table entries: 2048 (order: 2, 16384 bytes)
[    5.725761] Initializing cgroup subsys io
[    5.726457] Initializing cgroup subsys memory
[    5.727171] Initializing cgroup subsys devices
[    5.852113] Initializing cgroup subsys freezer
[    5.865426] Initializing cgroup subsys net_cls
[    5.866156] Initializing cgroup subsys perf_event
[    5.866962] Initializing cgroup subsys net_prio
[    5.867702] Initializing cgroup subsys hugetlb
[    5.868454] Initializing cgroup subsys pids
[    5.869213] CPU: Physical Processor ID: 0
[    5.869900] CPU: Processor Core ID: 0
[    5.870834] mce: CPU supports 0 MCE banks
[    5.871496] Last level iTLB entries: 4KB 512, 2MB 8, 4MB 8
[    5.872330] Last level dTLB entries: 4KB 512, 2MB 32, 4MB 32, 1GB 0
[    5.875037] Freeing SMP alternatives memory: 32K (ffffffff820b9000 - ffffffff820c1000)
[    5.883616] ftrace: allocating 32123 entries in 126 pages
[    6.060083] smpboot: APIC(0) Converting physical 0 to logical package 0
[    6.112633] smpboot: Max logical packages: 1
[    6.113571] x2apic enabled
[    6.115530] Switched APIC routing to physical x2apic.
[    6.117277] ..TIMER: vector=0x30 apic1=0 pin1=2 apic2=-1 pin2=-1
[    6.222862] smpboot: CPU0: Intel(R) Core(TM) i7-3770K CPU @ 3.50GHz (family: 0x6, model: 0x3a, stepping: 0x9)
[    6.295139] Performance Events: unsupported p6 CPU model 58 no PMU driver, software events only.
[    6.296694] KVM setup paravirtual spinlock
[    6.297928] x86: Booting SMP configuration:
[    6.298618] .... node  #0, CPUs:      #1
[    6.299452] kvm-clock: cpu 1, msr 0:3ffe3041, secondary cpu clock
[    6.341262] mce: CPU supports 0 MCE banks
[    6.343674] x86: Booted up 1 node, 2 CPUs
[    6.344659] smpboot: Total of 2 processors activated (14000.12 BogoMIPS)
[    6.346018] devtmpfs: initialized
[    6.362671] evm: security.selinux
[    6.363267] evm: security.SMACK64
[    6.363919] evm: security.SMACK64EXEC
[    6.364550] evm: security.SMACK64TRANSMUTE
[    6.365233] evm: security.SMACK64MMAP
[    6.463151] evm: security.ima
[    6.513669] evm: security.capability
[    6.518419] clocksource: jiffies: mask: 0xffffffff max_cycles: 0xffffffff, max_idle_ns: 7645041785100000 ns
[    6.533448] pinctrl core: initialized pinctrl subsystem
[    6.534376] RTC time: 15:41:30, date: 03/18/17
[    6.561116] NET: Registered protocol family 16
[    6.620495] cpuidle: using governor ladder
[    6.748942] cpuidle: using governor menu
[    6.860777] PCCT header not found.
[    6.914967] ACPI: bus type PCI registered
[    6.915639] acpiphp: ACPI Hot Plug PCI Controller Driver version: 0.5
[    6.916708] PCI: Using configuration type 1 for base access
[    6.929476] ACPI: Added _OSI(Module Device)
[    6.942609] ACPI: Added _OSI(Processor Device)
[    6.960812] ACPI: Added _OSI(3.0 _SCP Extensions)
[    7.069258] ACPI: Added _OSI(Processor Aggregator Device)
[    7.226878] ACPI: Executed 1 blocks of module-level executable AML code
[    7.395194] ACPI: Interpreter enabled
[    7.500264] ACPI: (supports S0 S5)
[    7.561909] ACPI: Using IOAPIC for interrupt routing
[    7.594727] PCI: Using host bridge windows from ACPI; if necessary, use "pci=nocrs" and report a bug
[    7.598977] ACPI: PCI Root Bridge [PCI0] (domain 0000 [bus 00-ff])
[    7.599886] acpi PNP0A03:00: _OSC: OS supports [ASPM ClockPM Segments MSI]
[    7.606944] acpi PNP0A03:00: _OSC failed (AE_NOT_FOUND); disabling ASPM
[    7.656392] acpi PNP0A03:00: fail to add MMCONFIG information, can't access extended PCI configuration space under this bridge.
[    7.658321] PCI host bridge to bus 0000:00
[    7.659039] pci_bus 0000:00: root bus resource [io  0x0000-0x0cf7 window]
[    7.660032] pci_bus 0000:00: root bus resource [io  0x0d00-0xffff window]
[    7.702910] pci_bus 0000:00: root bus resource [mem 0x000a0000-0x000bffff window]
[    7.768594] pci_bus 0000:00: root bus resource [mem 0x40000000-0xffdfffff window]
[    7.769837] pci_bus 0000:00: root bus resource [bus 00-ff]
[    7.779031] pci 0000:00:01.1: legacy IDE quirk: reg 0x10: [io  0x01f0-0x01f7]
[    7.822561] pci 0000:00:01.1: legacy IDE quirk: reg 0x14: [io  0x03f6]
[    7.823503] pci 0000:00:01.1: legacy IDE quirk: reg 0x18: [io  0x0170-0x0177]
[    7.824523] pci 0000:00:01.1: legacy IDE quirk: reg 0x1c: [io  0x0376]
[    7.835710] pci 0000:00:07.0: quirk: [io  0x4000-0x403f] claimed by PIIX4 ACPI
[    7.867120] pci 0000:00:07.0: quirk: [io  0x4100-0x410f] claimed by PIIX4 SMB
[    7.902150] ACPI: PCI Interrupt Link [LNKA] (IRQs 5 9 10 *11)
[    7.934325] ACPI: PCI Interrupt Link [LNKB] (IRQs 5 9 10 *11)
[    7.943599] ACPI: PCI Interrupt Link [LNKC] (IRQs 5 9 *10 11)
[    7.944848] ACPI: PCI Interrupt Link [LNKD] (IRQs 5 *9 10 11)
[    7.946129] ACPI: Enabled 2 GPEs in block 00 to 07
[    7.947165] vgaarb: setting as boot device: PCI:0000:00:02.0
[    8.090384] vgaarb: device added: PCI:0000:00:02.0,decodes=io+mem,owns=io+mem,locks=none
[    8.326651] vgaarb: loaded
[    8.369464] vgaarb: bridge control possible 0000:00:02.0
[    8.370471] SCSI subsystem initialized
[    8.371259] ACPI: bus type USB registered
[    8.394461] usbcore: registered new interface driver usbfs
[    8.445262] usbcore: registered new interface driver hub
[    8.446117] usbcore: registered new device driver usb
[    8.447188] PCI: Using ACPI for IRQ routing
[    8.448152] NetLabel: Initializing
[    8.448751] NetLabel:  domain hash size = 128
[    8.449490] NetLabel:  protocols = UNLABELED CIPSOv4
[    8.450322] NetLabel:  unlabeled traffic allowed by default
[    8.451266] amd_nb: Cannot enumerate AMD northbridges
[    8.485650] clocksource: Switched to clocksource kvm-clock
[    8.599671] AppArmor: AppArmor Filesystem Enabled
[    8.642610] pnp: PnP ACPI init
[    8.643859] pnp: PnP ACPI: found 3 devices
[    8.652511] clocksource: acpi_pm: mask: 0xffffff max_cycles: 0xffffff, max_idle_ns: 2085701024 ns
[    8.703389] NET: Registered protocol family 2
[    8.704203] TCP established hash table entries: 8192 (order: 4, 65536 bytes)
[    8.705235] TCP bind hash table entries: 8192 (order: 5, 131072 bytes)
[    8.787028] TCP: Hash tables configured (established 8192 bind 8192)
[    8.990035] UDP hash table entries: 512 (order: 2, 16384 bytes)
[    9.002518] UDP-Lite hash table entries: 512 (order: 2, 16384 bytes)
[    9.172118] NET: Registered protocol family 1
[    9.199817] pci 0000:00:00.0: Limiting direct PCI/PCI transfers
[    9.250574] pci 0000:00:01.0: Activating ISA DMA hang workarounds
[    9.432387] Trying to unpack rootfs image as initramfs...
[   10.966340] Freeing initrd memory: 10768K (ffff880036ae8000 - ffff88003756c000)
[   11.026062] RAPL PMU detected, API unit is 2^-32 Joules, 3 fixed counters 10737418240 ms ovfl timer
[   11.027430] hw unit of domain pp0-core 2^-0 Joules
[   11.028182] hw unit of domain package 2^-0 Joules
[   11.028935] hw unit of domain pp1-gpu 2^-0 Joules
[   11.029740] platform rtc_cmos: registered platform RTC device (no PNP device found)
[   11.031019] Scanning for low memory corruption every 60 seconds
[   11.032280] futex hash table entries: 512 (order: 3, 32768 bytes)
[   11.199859] audit: initializing netlink subsys (disabled)
[   11.340332] audit: type=2000 audit(1489851691.720:1): initialized
[   11.387432] Initialise system trusted keyring
[   11.388311] HugeTLB registered 2 MB page size, pre-allocated 0 pages
[   11.570449] zbud: loaded
[   11.638059] VFS: Disk quotas dquot_6.6.0
[   11.753385] VFS: Dquot-cache hash table entries: 512 (order 0, 4096 bytes)
[   11.901211] squashfs: version 4.0 (2009/01/31) Phillip Lougher
[   11.902436] fuse init (API version 7.23)
[   11.903288] Key type big_key registered
[   11.903942] Allocating IMA MOK and blacklist keyrings.
[   11.906182] Key type asymmetric registered
[   11.906838] Asymmetric key parser 'x509' registered
[   11.907617] Block layer SCSI generic (bsg) driver version 0.4 loaded (major 249)
[   11.908864] io scheduler noop registered
[   11.909549] io scheduler deadline registered (default)
[   11.910411] io scheduler cfq registered
[   11.911199] pci_hotplug: PCI Hot Plug PCI Core version: 0.5
[   11.912054] pciehp: PCI Express Hot Plug Controller Driver version: 0.4
[   11.913120] ACPI: AC Adapter [AC] (on-line)
[   11.913842] input: Power Button as /devices/LNXSYSTM:00/LNXPWRBN:00/input/input0
[   11.915097] ACPI: Power Button [PWRF]
[   12.020905] input: Sleep Button as /devices/LNXSYSTM:00/LNXSLPBN:00/input/input1
[   12.236159] tsc: Refined TSC clocksource calibration: 3498.998 MHz
[   12.343691] clocksource: tsc: mask: 0xffffffffffffffff max_cycles: 0x326f9ebc910, max_idle_ns: 440795375211 ns
[   12.343715] ACPI: Sleep Button [SLPF]
[   12.343880] GHES: HEST is not enabled!
[   12.343958] Serial: 8250/16550 driver, 32 ports, IRQ sharing enabled
[   12.376582] 00:02: ttyS0 at I/O 0x3f8 (irq = 4, base_baud = 115200) is a 16550A
[   12.462589] Linux agpgart interface v0.103
[   12.502918] brd: module loaded
[   12.503551] loop: module loaded
[   12.503974] scsi host0: ata_piix
[   12.504016] scsi host1: ata_piix
[   12.504039] ata1: PATA max UDMA/33 cmd 0x1f0 ctl 0x3f6 bmdma 0xd000 irq 14
[   12.504040] ata2: PATA max UDMA/33 cmd 0x170 ctl 0x376 bmdma 0xd008 irq 15
[   12.504123] libphy: Fixed MDIO Bus: probed
[   12.504125] tun: Universal TUN/TAP device driver, 1.6
[   12.504126] tun: (C) 1999-2004 Max Krasnyansky <maxk@qualcomm.com>
[   12.504382] PPP generic driver version 2.4.2
[   12.504421] ehci_hcd: USB 2.0 'Enhanced' Host Controller (EHCI) Driver
[   12.504424] ehci-pci: EHCI PCI platform driver
[   12.504431] ehci-platform: EHCI generic platform driver
[   12.504437] ohci_hcd: USB 1.1 'Open' Host Controller (OHCI) Driver
[   12.504439] ohci-pci: OHCI PCI platform driver
[   12.504445] ohci-platform: OHCI generic platform driver
[   12.504450] uhci_hcd: USB Universal Host Controller Interface driver
[   12.504489] i8042: PNP: PS/2 Controller [PNP0303:PS2K,PNP0f03:PS2M] at 0x60,0x64 irq 1,12
[   12.510194] serio: i8042 KBD port at 0x60,0x64 irq 1
[   12.510198] serio: i8042 AUX port at 0x60,0x64 irq 12
[   12.510283] mousedev: PS/2 mouse device common for all mice
[   12.510523] rtc_cmos rtc_cmos: rtc core: registered rtc_cmos as rtc0
[   12.510577] rtc_cmos rtc_cmos: alarms up to one day, 114 bytes nvram
[   12.510582] i2c /dev entries driver
[   12.510620] device-mapper: uevent: version 1.0.3
[   12.510658] device-mapper: ioctl: 4.34.0-ioctl (2015-10-28) initialised: dm-devel@redhat.com
[   12.510673] ledtrig-cpu: registered to indicate activity on CPUs
[   12.510872] NET: Registered protocol family 10
[   12.510971] NET: Registered protocol family 17
[   12.510977] Key type dns_resolver registered
[   12.511341] microcode: CPU0 sig=0x306a9, pf=0x2, revision=0x19
[   12.511347] microcode: CPU1 sig=0x306a9, pf=0x2, revision=0x19
[   12.511385] microcode: Microcode Update Driver: v2.01 <tigran@aivazian.fsnet.co.uk>, Peter Oruba
[   12.511468] registered taskstats version 1
[   12.511479] Loading compiled-in X.509 certificates
[   12.512077] Loaded X.509 cert 'Build time autogenerated kernel key: 32ca4feee90b5cde51f5f8c0e024b22f8c679982'
[   12.512098] zswap: loaded using pool lzo/zbud
[   12.513373] Key type trusted registered
[   12.515096] Key type encrypted registered
[   12.515099] AppArmor: AppArmor sha1 policy hashing enabled
[   12.515101] ima: No TPM chip found, activating TPM-bypass!
[   12.515112] evm: HMAC attrs: 0x1
[   12.515339]   Magic number: 9:58:690
[   12.515354] mem mem: hash matches
[   12.525887] rtc_cmos rtc_cmos: setting system clock to 2017-03-18 15:41:36 UTC (1489851696)
[   12.526001] BIOS EDD facility v0.16 2004-Jun-25, 0 devices found
[   12.526001] EDD information not available.
[   12.534432] input: AT Translated Set 2 keyboard as /devices/platform/i8042/serio0/input/input2
[   13.495698] Freeing unused kernel memory: 1488K (ffffffff81f45000 - ffffffff820b9000)
[   13.511347] Write protecting the kernel read-only data: 14336k
[   13.546028] Freeing unused kernel memory: 1776K (ffff880001844000 - ffff880001a00000)
[   13.757165] Freeing unused kernel memory: 116K (ffff880001de3000 - ffff880001e00000)
Loading, please wait...
starting version[   13.836532] random: systemd-udevd: uninitialized urandom read (16 bytes read, 3 bits of entropy available)
 229
[   13.836964] random: udevadm: uninitialized urandom read (16 bytes read, 3 bits of entropy available)
[   13.836992] random: udevadm: uninitialized urandom read (16 bytes read, 3 bits of entropy available)
[   13.837081] random: udevadm: uninitialized urandom read (16 bytes read, 3 bits of entropy available)
[   13.837117] random: udevadm: uninitialized urandom read (16 bytes read, 3 bits of entropy available)
[   13.837150] random: udevadm: uninitialized urandom read (16 bytes read, 3 bits of entropy available)
[   13.837185] random: udevadm: uninitialized urandom read (16 bytes read, 3 bits of entropy available)
[   13.837218] random: udevadm: uninitialized urandom read (16 bytes read, 3 bits of entropy available)
[   13.837265] random: udevadm: uninitialized urandom read (16 bytes read, 3 bits of entropy available)
[   13.837297] random: udevadm: uninitialized urandom read (16 bytes read, 3 bits of entropy available)
[   14.076196] e1000: Intel(R) PRO/1000 Network Driver - version 7.3.21-k8-NAPI
[   14.178673] e1000: Copyright (c) 1999-2006 Intel Corporation.
[   14.297263] Fusion MPT base driver 3.04.20
[   14.393169] Copyright (c) 1999-2008 LSI Corporation
[   14.400473] Fusion MPT SPI Host driver 3.04.20
[   14.423667] AVX version of gcm_enc/dec engaged.
[   14.489766] AES CTR mode by8 optimization enabled
[   14.602827] input: ImExPS/2 Generic Explorer Mouse as /devices/platform/i8042/serio1/input/input4
[   14.738952] e1000 0000:00:03.0 eth0: (PCI:33MHz:32-bit) 02:1b:66:ab:e9:71
[   14.880908] e1000 0000:00:03.0 eth0: Intel(R) PRO/1000 Network Connection
[   15.228872] e1000 0000:00:08.0 eth1: (PCI:33MHz:32-bit) 08:00:27:25:39:5a
[   15.370823] e1000 0000:00:08.0 eth1: Intel(R) PRO/1000 Network Connection
[   15.403643] mptbase: ioc0: Initiating bringup
[   15.418209] e1000 0000:00:03.0 enp0s3: renamed from eth0
[   15.430234] e1000 0000:00:08.0 enp0s8: renamed from eth1
[   15.575224] ioc0: LSI53C1030 A0: Capabilities={Initiator}
[   15.899489] scsi host2: ioc0: LSI53C1030 A0, FwRev=00000000h, Ports=1, MaxQ=256, IRQ=20
[   16.034754] scsi 2:0:0:0: Direct-Access     VBOX     HARDDISK         1.0  PQ: 0 ANSI: 5
[   16.279711] scsi target2:0:0: Beginning Domain Validation
[   16.454076] scsi target2:0:0: Domain Validation skipping write tests
[   16.671476] scsi target2:0:0: Ending Domain Validation
[   16.837127] scsi target2:0:0: asynchronous
[   16.933990] scsi 2:0:1:0: Direct-Access     VBOX     HARDDISK         1.0  PQ: 0 ANSI: 5
[   16.935378] scsi target2:0:1: Beginning Domain Validation
[   16.937044] scsi target2:0:1: Domain Validation skipping write tests
[   16.937993] scsi target2:0:1: Ending Domain Validation
[   16.955820] scsi target2:0:1: asynchronous
[   16.968171] sd 2:0:0:0: Attached scsi generic sg0 type 0
[   16.973468] sd 2:0:0:0: [sda] 20971520 512-byte logical blocks: (10.7 GB/10.0 GiB)
[   16.978892] sd 2:0:1:0: Attached scsi generic sg1 type 0
[   16.979003] sd 2:0:1:0: [sdb] 20480 512-byte logical blocks: (10.5 MB/10.0 MiB)
[   16.979090] sd 2:0:1:0: [sdb] Write Protect is off
[   16.979160] sd 2:0:1:0: [sdb] Incomplete mode parameter data
[   16.979161] sd 2:0:1:0: [sdb] Assuming drive cache: write through
[   16.981794] sd 2:0:1:0: [sdb] Attached SCSI disk
[   17.182258] floppy0: no floppy controllers found
[   17.182297] work still pending
[   18.011285] sd 2:0:0:0: [sda] Write Protect is off
[   18.012177] sd 2:0:0:0: [sda] Incomplete mode parameter data
[   18.017766] sd 2:0:0:0: [sda] Assuming drive cache: write through
[   18.021677]  sda: sda1
[   18.027059] sd 2:0:0:0: [sda] Attached SCSI disk
Begin: Loading e[   19.304552] md: linear personality registered for level -1
ssential drivers ... [   19.308205] md: multipath personality registered for level -4
[   19.310867] md: raid0 personality registered for level 0
[   19.313754] md: raid1 personality registered for level 1
[   19.381957] raid6: sse2x1   gen() 10075 MB/s
[   19.485963] raid6: sse2x1   xor()  7719 MB/s
[   19.641970] raid6: sse2x2   gen() 12178 MB/s
[   19.846018] raid6: sse2x2   xor()  8578 MB/s
[   19.986038] raid6: sse2x4   gen() 13585 MB/s
[   20.162044] raid6: sse2x4   xor() 10562 MB/s
[   20.311425] raid6: using algorithm sse2x4 gen() 13585 MB/s
[   20.420206] raid6: .... xor() 10562 MB/s, rmw enabled
[   20.421012] raid6: using ssse3x2 recovery algorithm
[   20.423087] xor: automatically using best checksumming function:
[   20.461662]    avx       : 22149.000 MB/sec
[   20.568643] async_tx: api initialized (async)
[   20.720953] md: raid6 personality registered for level 6
[   20.906505] md: raid5 personality registered for level 5
[   20.965538] md: raid4 personality registered for level 4
[   20.975877] md: raid10 personality registered for level 10
done.
Begin: Running /scripts/init-premount ... done.
Begin: Mounti[   21.159465] Btrfs loaded
ng root file system ... Begin: Running /scripts/local-top ... done.
Begin: Running /scripts/local-premount ... Scanning for Btrfs filesystems
done.
Warning: fsck not present, so skipping root file system
[   21.204769] EXT4-fs (sda1): mounted filesystem with ordered data mode. Opts: (null)
done.
Begin: Running /scripts/local-bottom ... done.
Begin: Running /scripts/init-bottom ... done.
[   21.280963] systemd[1]: systemd 229 running in system mode. (+PAM +AUDIT +SELINUX +IMA +APPARMOR +SMACK +SYSVINIT +UTMP +LIBCRYPTSETUP +GCRYPT +GNUTLS +ACL +XZ -LZ4 +SECCOMP +BLKID +ELFUTILS +KMOD -IDN)
[   21.432907] systemd[1]: Detected virtualization oracle.
[   21.433751] systemd[1]: Detected architecture x86-64.

Welcome to [1mUbuntu 16.04.2 LTS[0m!

[   21.570394] systemd[1]: Set hostname to <ubuntu>.
[   21.714879] systemd[1]: Initializing machine ID from random generator.
[   21.923232] systemd[1]: Installed transient /etc/machine-id file.
[   22.039201] systemd[1]: Listening on Journal Socket.
[[0;32m  OK  [0m] Listening on Journal Socket.
[   22.138009] systemd[1]: Reached target User and Group Name Lookups.
[[0;32m  OK  [0m] Reached target User and Group Name Lookups.
[   22.194171] systemd[1]: Listening on udev Control Socket.
[[0;32m  OK  [0m] Listening on udev Control Socket.
[   22.242126] systemd[1]: Listening on Journal Audit Socket.
[[0;32m  OK  [0m] Listening on Journal Audit Socket.
[   22.498089] systemd[1]: Listening on LVM2 poll daemon socket.
[[0;32m  OK  [0m] Listening on LVM2 poll daemon socket.
[   22.746095] systemd[1]: Listening on Syslog Socket.
[[0;32m  OK  [0m] Listening on Syslog Socket.
[   22.961753] systemd[1]: Listening on Journal Socket (/dev/log).
[[0;32m  OK  [0m] Listening on Journal Socket (/dev/log).
[   22.967336] systemd[1]: Listening on Device-mapper event daemon FIFOs.
[[0;32m  OK  [0m] Listening on Device-mapper event daemon FIFOs.
[   22.969459] systemd[1]: Created slice System Slice.
[[0;32m  OK  [0m] Created slice System Slice.
[   22.982097] systemd[1]: Starting Uncomplicated firewall...
         Starting Uncomplicated firewall...
[   23.226096] systemd[1]: Starting Set console keymap...
         Starting Set console keymap...
[   23.306078] systemd[1]: Mounting POSIX Message Queue File System...
         Mounting POSIX Message Queue File System...
[   23.412395] systemd[1]: Listening on udev Kernel Socket.
[[0;32m  OK  [0m] Listening on udev Kernel Socket.
[   23.414472] systemd[1]: Mounting Debug File System...
         Mounting Debug File System...
[   23.416365] systemd[1]: Starting Remount Root and Kernel File Systems...
[   23.418367] EXT4-fs (sda1): re-mounted. Opts: (null)
         Starting Remount Root and Kernel File Systems...
[   23.522151] systemd[1]: Starting Create list of required static device nodes for the current kernel...
         Starting Create list of required st... nodes for the current kernel...
[   23.915215] random: nonblocking pool is initialized
[   23.946181] systemd[1]: Starting Load Kernel Modules...
[   24.058166] Loading iSCSI transport class v2.0-870.
         Starting Load Kernel Modules...
[   24.090379] systemd[1]: Set up automount Arbitrary Executable File Formats File System Automount Point.
[[0;32m  OK  [0m] Set up automount Arbitrary Executab...ats File System Automount Point.
[   24.093096] systemd[1]: Reached target Encrypted Volumes.
[[0;32m  OK  [[   24.122964] iscsi: registered transport (tcp)
0m] Reached target Encrypted Volumes.
[   24.275400] iscsi: registered transport (iser)
[   24.294450] systemd[1]: Created slice User and Session Slice.
[[0;32m  OK  [0m] Created slice User and Session Slice.
[   24.313802] systemd[1]: Reached target Slices.
[[0;32m  OK  [0m] Reached target Slices.
[   24.466331] systemd[1]: Reached target Swap.
[[0;32m  OK  [0m] Reached target Swap.
[   24.666536] systemd[1]: Created slice system-serial\x2dgetty.slice.
[[0;32m  OK  [0m] Created slice system-serial\x2dgetty.slice.
[   24.965771] systemd[1]: Starting Nameserver information manager...
         Starting Nameserver information manager...
[   24.968633] systemd[1]: Listening on LVM2 metadata daemon socket.
[[0;32m  OK  [0m] Listening on LVM2 metadata daemon socket.
[   24.970861] systemd[1]: Starting Monitoring of LVM2 mirrors, snapshots etc. using dmeventd or progress polling...
         Starting Monitoring of LVM2 mirrors... dmeventd or progress polling...
[   25.249519] systemd[1]: Listening on /dev/initctl Compatibility Named Pipe.
[[0;32m  OK  [0m] Listening on /dev/initctl Compatibility Named Pipe.
[   25.394001] systemd[1]: Started Forward Password Requests to Wall Directory Watch.
[[0;32m  OK  [0m] Started Forward Password Requests to Wall Directory Watch.
[   25.461864] systemd[1]: Mounting Huge Pages File System...
         Mounting Huge Pages File System...
[   25.549203] systemd[1]: Starting Journal Service...
         Starting Journal Service...
[   25.571023] systemd[1]: Mounted POSIX Message Queue File System.
[[0;32m  OK  [0m] Mounted POSIX Message Queue File System.
[   25.774774] systemd[1]: Mounted Debug File System.
[[0;32m  OK  [0m] Mounted Debug File System.
[   25.776334] systemd[1]: Mounted Huge Pages File System.
[[0;32m  OK  [0m] Mounted Huge Pages File System.
[   25.818033] systemd[1]: Started Journal Service.
[[0;32m  OK  [0m] Started Journal Service.
[[0;32m  OK  [0m] Started Uncomplicated firewall.
[[0;32m  OK  [0m] Started Set console keymap.
[[0;32m  OK  [0m] Started Remount Root and Kernel File Systems.
[[0;32m  OK  [0m] Started Create list of required sta...ce nodes for the current kernel.
[[0;32m  OK  [0m] Started Load Kernel Modules.
[[0;32m  OK  [0m] Started Nameserver information manager.
[[0;32m  OK  [0m] Started LVM2 metadata daemon.
         Mounting FUSE Control File System...
         Starting Apply Kernel Variables...
         Starting Create Static Device Nodes in /dev...
         Starting Load/Save Random Seed...
         Starting Initial cloud-init job (pre-networking)...
         Starting udev Coldplug all Devices...
         Starting Flush Journal to Persistent Storage...
[[0;32m  OK  [0m] Mounted FUSE Control File System.
[[0;32m  OK  [0m] Started Apply Kernel Variables.
[[0;32m  OK  [0m] Started Create Static Device Nodes in /dev.
[[0;32m  OK  [0m] Started Load/Save Random Seed.
[[0;32m  OK  [0m] Started Flush Journal to Persistent Storage.
[[0;32m  OK  [0m] Started udev Coldplug all Devices.
         Starting udev Kernel Device Manager...
[[0;32m  OK  [0m] Started udev Kernel Device Manager.
[[0;32m  OK  [0m] Started Dispatch Password Requests to Console Directory Watch.
[[0;32m  OK  [0m] Found device /dev/ttyS0.
[[0;32m  OK  [0m] Started Monitoring of LVM2 mirrors,...ng dmeventd or progress polling.
[[0;32m  OK  [0m] Reached target Local File Systems (Pre).
[[0;32m  OK  [0m] Reached target Local File Systems.
         Starting Commit a transient machine-id on disk...
         Starting Set console font and keymap...
         Starting LSB: AppArmor initialization...
         Starting Tell Plymouth To Write Out Runtime Data...
         Starting Create Volatile Files and Directories...
[[0;32m  OK  [0m] Started Commit a transient machine-id on disk.
[[0;32m  OK  [0m] Started Tell Plymouth To Write Out Runtime Data.
[   18.644336] cloud-init[486]: Cloud-init v. 0.7.9 running 'init-local' at Sat, 18 Mar 2017 15:41:50 +0000. Up 18.38 seconds.
[[0;32m  OK  [0m] Started Create Volatile Files and Directories.
[[0;32m  OK  [0m] Started Set console font and keymap.
[[0;32m  OK  [0m] Started Initial cloud-init job (pre-networking).
[[0;32m  OK  [0m] Listening on Load/Save RF Kill Switch Status /dev/rfkill Watch.
[[0;32m  OK  [0m] Reached target Network (Pre).
[[0;32m  OK  [0m] Created slice system-getty.slice.
         Starting Update UTMP about System Boot/Shutdown...
[[0;32m  OK  [0m] Reached target System Time Synchronized.
[[0;32m  OK  [0m] Started Update UTMP about System Boot/Shutdown.
[[0;32m  OK  [0m] Started LSB: AppArmor initialization.
         Starting Raise network interfaces...
[[0;32m  OK  [0m] Started Raise network interfaces.
[[0;32m  OK  [0m] Reached target Network.
         Starting Initial cloud-init job (metadata service crawler)...
[   21.917818] cloud-init[1052]: Cloud-init v. 0.7.9 running 'init' at Sat, 18 Mar 2017 15:41:53 +0000. Up 21.58 seconds.
[[0;32m  OK  [0m] Started Initial cloud-init job (metadata service crawler).
[   22.074562] cloud-init[[1052]: [0;32m  OK  [0mci-info: ++++++++++++++++++++++++++++++++++++++Net device info++++++++++++++++++++++++++++++++++++++] 
Reached target System Initialization.
[[0;32m  OK  [0m] Started Trigger resolvconf update for networkd DNS.
[[0;32m  OK  [0m] Listening on D-Bus System Message Bus Socket.
         Starting Socket activation for snappy daemon.
[[0;32m  OK  [0m] Started Timer to automatically refresh installed snaps.
[[0;32m  OK  [0m] Listening on UUID daemon activation socket.
[[0;32m  OK  [0m] Started Daily apt activities.
[   22.157702] cloud-init[[1052]: [0;32m  OK  [0mci-info: +--------+-------+----------------------------+---------------+-------+-------------------+] 
Started Daily Cleanup of Temporary Directories.
[   22.439889] [[0;32m  OK  [0m] Reached target Timers.
cloud-init[1052]: ci-info: | Device |   Up  |          Address           |      Mask     | Scope |     Hw-Address    |
[   22.616521]          cloud-initStarting LXD - unix socket.[1052]: 
ci-info: +--------+-------+----------------------------+---------------+-------+-------------------+
[   22.656545] [cloud-init[0;32m  OK  [0m[1052]: ] ci-info: | enp0s3 |  True |         10.0.2.15          | 255.255.255.0 |   .   | 02:1b:66:ab:e9:71 |Started ACPI Events Check.

[[0;32m  OK  [0m] Reached target Paths.
[[0;32m  OK  [0m] Listening on ACPID Listen Socket.
[   22.656913] cloud-init[1052]: ci-info: | enp0s3 |  True | fe80::1b:66ff:feab:e971/64 |       .       |  link | 02:1b:66:ab:e9:71 |
[   22.737140] [[0;32m  OK  [0m] Reached target Cloud-config availability.
[[0;32m  OK  [0m] Reached target Network is Online.
cloud-init[1052]: ci-info: | enp0s8 | False |             .              |       .       |   .   | 08:00:27:25:39:5a |
[   22.905025]          cloud-initStarting iSCSI initiator daemon (iscsid)...[1052]: 
ci-info: |   lo   |  True |         127.0.0.1          |   255.0.0.0   |   .   |         .         |
[   22.960204] [[0;32m  OK  [0m] Listening on Socket activation for snappy daemon.
[[0;32m  OK  [0m] Listening on LXD - unix socket.
cloud-init[1052]: ci-info: |   lo   |  True |          ::1/128           |       .       |  host |         .         |
[   22.962873] cloud-init[1052]: ci-info: +--------+-------+----------------------------+---------------+-------+-------------------+
[   22.964654] cloud-init[1052]: ci-info: +++++++++++++++++++++++++++Route IPv4 info++++++++++++++++++++++++++++
[   22.966213] cloud-init[1052]: ci-info: +-------+-------------+----------+---------------+-----------+-------+
[   23.062621] [cloud-init[0;32m  OK  [0m[1052]: ] ci-info: | Route | Destination | Gateway  |    Genmask    | Interface | Flags |Started iSCSI initiator daemon (iscsid).

[   23.250164]          cloud-initStarting Login to default iSCSI targets...[1052]: 
ci-info: +-------+-------------+----------+---------------+-----------+-------+
[   23.428637] [cloud-init[0;32m  OK  [0m[1052]: ] ci-info: |   0   |   0.0.0.0   | 10.0.2.2 |    0.0.0.0    |   enp0s3  |   UG  |Reached target Sockets.

[[0;32m  OK  [0m] Reached target Basic System.
[   23.429027] cloud-init[1052]: ci-info: |   1   |   10.0.2.0  | 0.0.0.0  | 255.255.255.0 |   enp0s3  |   U   |
[   23.771406]          cloud-initStarting LSB: MD monitoring daemon...[1052]: 
ci-info: +-------+-------------+----------+---------------+-----------+-------+
         Starting LXD - container startup/shutdown...
[   23.796511]          Starting /etc/rc.local Compatibility...
[[0;32m  OK  [0m] Started Regular background program processing daemon.
cloud-init[1052]: Generating public/private rsa key pair.
[   23.831377] [cloud-init[0;32m  OK  [0m[1052]: ] Your identification has been saved in /etc/ssh/ssh_host_rsa_key.Started Deferred execution scheduler.

[   23.831735] cloud-init[1052]: Your public key has been saved in /etc/ssh/ssh_host_rsa_key.pub.
[   23.843824] cloud-init[1052]: The key fingerprint is:
[   23.845061] cloud-init[1052]: SHA256:PEiyEjvWEdSnxAEYufJlBZAgCNq/8vBcHyevEaDJmAw root@ubuntu-xenial
[   23.847316] cloud-init[1052]: The key's randomart image is:[[0;32m  OK  [0m] Started Snappy daemon.

         Starting Pollinate to seed the pseudo random number generator...
[   23.853570]          Starting Login Service...
         Starting Accounts Service...
         Starting System Logging Service...
[[0;32m  OK  [0m] Started FUSE filesystem for LXC.
         Starting Apply the settings specified in cloud-config...
cloud-init[1052]: +---[RSA 2048]----+
[   23.906634] [cloud-init[0;32m  OK  [0m[1052]: ] |*.oB==..         |Started ACPI event daemon.

[   23.907076] cloud-init[1052]: |+.+  .= .        |
[   23.921406] cloud-init[1052]: |E o.oooo         |
[   23.932707] [[0;32m  OK  [0m] Started D-Bus System Message Bus.
cloud-init[1052]: |.o.OoB.+         |
[   23.942512] cloud-init[1052]: | oOoB . S        |
[   23.943736] cloud-init[1052]: | ..o .   o       |
[   23.945215] cloud-init[1052]: |  o . . + .      |
[   23.952231]          cloud-initStarting LSB: Record successful boot for GRUB...[1052]: 
|   * . . *       |
[   23.968363]          Starting Auto import assertions from block devices...
cloud-init[1052]: [|    +   o..      |[0;32m  OK  [0m
] Started System Logging Service.
[   23.969541] [[0;32m  OK  [0m] Started LXD - container startup/shutdown.
cloud-init[1052]: +----[SHA256]-----+
[   23.992151] [[0;32m  OK  [0m] Started /etc/rc.local Compatibility.
[[0;32m  OK  [0m] Started Auto import assertions from block devices.
cloud-init[1052]: Generating public/private dsa key pair.
[   24.012525] cloud-init[1052]: Your identification has been saved in /etc/ssh/ssh_host_dsa_key.
[   24.014010] cloud-init[1052]: Your public key has been saved in /etc/ssh/ssh_host_dsa_key.pub.
[   24.048675] [cloud-init[0;32m  OK  [0m[1052]: ] The key fingerprint is:Started LSB: MD monitoring daemon.

[   24.049077] cloud-init[1052]: SHA256:92Tk6ciANJkWYAJyeh279j+XgW4ZfDuMXRB8Q4IoAYE root@ubuntu-xenial
[   24.257181] [cloud-init[0;32m  OK  [0m[1052]: ] The key's randomart image is:Started Login to default iSCSI targets.

[   24.257576] cloud-init[1052]: +---[DSA 1024]----+
[   24.279674] cloud-init[1052]: |oo=o=o.. o...    |
[   24.281871] cloud-init[1052]: |Eo +.o.+. o.o    |
[   24.283213] cloud-init[1052]: |. . o.*    o..   |
[   24.296774] cloud-init[1052]: | .   + o  .o .   |
[   24.314444] [[0;32m  OK  [0m] Started Login Service.
cloud-init[1052]: |    o ..S...=    |
[   24.339342] [[0;32m  OK  [0m] Started LSB: Record successful boot for GRUB.
cloud-init[1052]: |   . .  ++o*.    |
[   24.342147] cloud-init[1052]: |      .. Bo=o    |
[   24.343276] cloud-init[1052]: |       .* B      |
[   24.344453] cloud-init[1052]: |       ..o .     |
[   24.345609] cloud-init[1052]: +----[SHA256]-----+
[   24.384611]          cloud-initStarting Authenticate and Authorize Users to Run Privileged Tasks...[1052]: 
Generating public/private ecdsa key pair.
[   24.423598] [[0;32m  OK  [0m] Reached target Remote File Systems (Pre).
[[0;32m  OK  [0m] Reached target Remote File Systems.
cloud-init[1052]: Your identification has been saved in /etc/ssh/ssh_host_ecdsa_key.
[   24.489583]          Starting LSB: Set the CPU Frequency Scaling governor to "ondemand"...
cloud-init[1052]: Your public key has been saved in /etc/ssh/ssh_host_ecdsa_key.pub.
[   24.532325]          cloud-initStarting LSB: VirtualBox Linux Additions...[1052]: 
The key fingerprint is:
[   24.573304]          cloud-initStarting LSB: daemon to balance interrupts for SMP systems...[1052]: 
SHA256:sOOcnt9Kfr+XIzujnVQXYCXj6KAlBP3p9j5h6IqYh8Q root@ubuntu-xenial
[   24.620629]          Starting Permit User Sessions...
cloud-init[1052]: The key's randomart image is:
[   24.623342]          Starting LSB: automatic crash report generation...
cloud-init[1052]: +---[ECDSA 256]---+
[   24.660515] [cloud-init[0;32m  OK  [0m[1052]: ] |     .o.     =.. |Started Permit User Sessions.

[   24.660822] cloud-init[1052]: |      ..    + +  |
[   24.701371] [[0;32m  OK  [0m] Started Pollinate to seed the pseudo random number generator.
[[0;32m  OK  [0m] Started Authenticate and Authorize Users to Run Privileged Tasks.
[[0;32m  OK  [0m] Started Accounts Service.
cloud-init[1052]: |      ...o.. . . |
[   24.719208] cloud-init[1052]: |       o+oo     .|
         Starting OpenBSD Secure Shell server...
[   24.757266]          Starting Hold until boot process finishes up...
cloud-init[1052]: |  .   o.S ..  . .|
[   24.759133] cloud-init[1052]: |   E o o + o . . |
[   24.760367] cloud-init[1052]: |  . . + + o o  . |
[   24.780810]          cloud-initStarting Terminate Plymouth Boot Screen...[1052]: 
|   .oo.+ o.=+.+  |
[   24.838438] [cloud-init[0;32m  OK  [0m[1052]: ] |   o..oo=o++BB . |Started OpenBSD Secure Shell server.

[   24.838805] [[0;32m  OK  [0m] Started LSB: Set the CPU Frequency Scaling governor to "ondemand".
[[0;32m  OK  [0m] Started LSB: VirtualBox Linux Additions.
[[0;32m  OK  [0m] Started LSB: daemon to balance interrupts for SMP systems.
[[0;32m  OK  [0m] Started LSB: automatic crash report generation.
[[0;32m  OK  [0m] Started Hold until boot process finishes up.
cloud-init[1052]: +----[SHA256]-----+
[   24.988684] [[0;32m  OK  [0m] Started Terminate Plymouth Boot Screen.
cloud-init[1052]: Generating public/private ed25519 key pair.
[   24.997286] cloud-init[1052]: Your identification has been saved in /etc/ssh/ssh_host_ed25519_key.
[   24.998904] cloud-init[1052]: Your public key has been saved in /etc/ssh/ssh_host_ed25519_key.pub.
[   25.019060] [cloud-init[0;32m  OK  [0m[1052]: ] The key fingerprint is:Started Getty on tty1.

[   25.019356] cloud-init[1052]: SHA256:Sz9lRsUFVMpXPFs8wmE6WeCquLvTIQYHugRBXqqCYrA root@ubuntu-xenial
[   25.224781]          Starting Set console scheme...
cloud-init[1052]: The key's randomart image is:
[   25.226337] cloud-init[1052]: +--[ED25519 256]--+
[   25.227440] cloud-init[1052]: |oo .       .o*=*+|
[   25.228597] cloud-init[1052]: |o o.      . ==.+=|
[   25.229743] cloud-init[1052]: |oo. .      =. + *|
[   25.280577] [cloud-init[0;32m  OK  [0m[1052]: ] |++ . .    ...  o |Started Serial Getty on ttyS0.

[   25.280976] [[0;32m  OK  [0m] Reached target Login Prompts.
[[0;32m  OK  [0m] Reached target Multi-User System.
[[0;32m  OK  [0m] Reached target Graphical Interface.
cloud-init[1052]: |E.. o   S.  +    |
[   25.365463] cloud-init[1052]: |+.   o.o.o +     |
[   25.366584] cloud-init[1052]: |    ..o.o o      |
[   25.367721] cloud-init[1052]: |     ...   .     |
         Starting Update UTMP about System Runlevel Changes...
[   25.373435] cloud-init[1052]: |     ++          |
[   25.374585] cloud-init[1052]: +----[SHA256]-----+
[[0;32m  OK  [0m] Started Set console scheme.
[   25.377607] cloud-init[1182]: Generating locales (this might take a while)...
[   25.586015] cloud-init[1182]:   en_US.UTF-8... done
[   25.586189] cloud-init[1182]: Generation complete.
[[0;32m  OK  [0m] Started Update UTMP about System Runlevel Changes.
         Stopping OpenBSD Secure Shell server...
[[0;32m  OK  [0m] Stopped OpenBSD Secure Shell server.
         Starting OpenBSD Secure Shell server...
[[0;32m  OK  [0m] Started OpenBSD Secure Shell server.
[   26.010911] cloud-init[1182]: Cloud-init v. 0.7.9 running 'modules:config' at Sat, 18 Mar 2017 15:41:56 +0000. Up 24.14 seconds.
[[0;32m  OK  [0m] Started Apply the settings specified in cloud-config.
         Starting Execute cloud user/final scripts...
ci-info: no authorized ssh keys fingerprints found for user ubuntu.
<14>Mar 18 15:41:58 ec2: 
<14>Mar 18 15:41:58 ec2: #############################################################
<14>Mar 18 15:41:58 ec2: -----BEGIN SSH HOST KEY FINGERPRINTS-----
<14>Mar 18 15:41:58 ec2: 1024 SHA256:92Tk6ciANJkWYAJyeh279j+XgW4ZfDuMXRB8Q4IoAYE root@ubuntu-xenial (DSA)
<14>Mar 18 15:41:58 ec2: 256 SHA256:sOOcnt9Kfr+XIzujnVQXYCXj6KAlBP3p9j5h6IqYh8Q root@ubuntu-xenial (ECDSA)
<14>Mar 18 15:41:58 ec2: 256 SHA256:Sz9lRsUFVMpXPFs8wmE6WeCquLvTIQYHugRBXqqCYrA root@ubuntu-xenial (ED25519)
<14>Mar 18 15:41:58 ec2: 2048 SHA256:PEiyEjvWEdSnxAEYufJlBZAgCNq/8vBcHyevEaDJmAw root@ubuntu-xenial (RSA)
<14>Mar 18 15:41:58 ec2: -----END SSH HOST KEY FINGERPRINTS-----
<14>Mar 18 15:41:58 ec2: #############################################################
-----BEGIN SSH HOST KEY KEYS-----
ecdsa-sha2-nistp256 AAAAE2VjZHNhLXNoYTItbmlzdHAyNTYAAAAIbmlzdHAyNTYAAABBBBn2EcIF5jka+NjKKINi1uUebR/H8kRMNi+aoIGG1iM1i4bl2Hdno2gKc2ers2NrPHc+Y9rH1Yp38bqvcz0KyzI= root@ubuntu-xenial
ssh-ed25519 AAAAC3NzaC1lZDI1NTE5AAAAIKaKBDhidlouAcskVyG46gb0J9YQmrjtyAcfLy9j4kCL root@ubuntu-xenial
ssh-rsa AAAAB3NzaC1yc2EAAAADAQABAAABAQDQVcn6xAUFYlpEMQaUYqu5/FNuVC17UWXQb7exP1DLC5gKyGxliAq4Fd241/ZpxvtGvq7qSXxX8+v8Zp/bMime44nr3H9qAVTUeEoPJtiT4pHf3vSeSf3afAmmHyHIbWfz/piwyyEi1MZovGL6ZjFqCp+ITNHVEZcDmm3pUXCfmeo0sD2I8GYuVtJxDo3hv/nxJ1FhnPHCSjcidvCKr8puNDerHxfyWY/bFpHsZzDpROySqFoxhXoIzrnY+40rouit1Zsa9RgDE26Xlh3sr3P6floGtVKnMAXTpBGM+/uaV5QnsXMyj2YBoLXZCjWTBQWX0qShlyq0RP+akRT4tmVL root@ubuntu-xenial
-----END SSH HOST KEY KEYS-----
[   26.572118] cloud-init[1413]: Cloud-init v. 0.7.9 running 'modules:final' at Sat, 18 Mar 2017 15:41:58 +0000. Up 26.36 seconds.
[[0;32m  OK  [0m] Started Execute cloud user/final scripts.
[   26.682469] cloud-init[1413]: ci-info: no authorized ssh keys fingerprints found for user ubuntu.
[   26.685066] cloud-init[1413]: Cloud-init v. 0.7.9 finished at Sat, 18 Mar 2017 15:41:58 +0000. Datasource DataSourceNoCloud [seed=/dev/sdb][dsmode=net].  Up 26.56 seconds
[[0;32m  OK  [0m] Reached target Cloud-init target.

Ubuntu 16.04.2 LTS ubuntu-xenial ttyS0

ubuntu-xenial login: 